#
# There is insufficient memory for the Java Runtime Environment to continue.
# Native memory allocation (mmap) failed to map 131072 bytes for committing reserved memory.
# Possible reasons:
#   The system is out of physical RAM or swap space
#   In 32 bit mode, the process size limit was hit
# Possible solutions:
#   Reduce memory load on the system
#   Increase physical memory or swap space
#   Check if swap backing store is full
#   Use 64 bit Java on a 64 bit OS
#   Decrease Java heap size (-Xmx/-Xms)
#   Decrease number of Java threads
#   Decrease Java thread stack sizes (-Xss)
#   Set larger code cache with -XX:ReservedCodeCacheSize=
# This output file may be truncated or incomplete.
#
#  Out of Memory Error (os_linux.cpp:2798), pid=11736, tid=0xb64c1b40
#
# JRE version: OpenJDK Runtime Environment (8.0_292-b10) (build 1.8.0_292-8u292-b10-0ubuntu1~14.04-b10)
# Java VM: OpenJDK Server VM (25.292-b10 mixed mode linux-x86 )
# Failed to write core dump. Core dumps have been disabled. To enable core dumping, try "ulimit -c unlimited" before starting Java again
#

---------------  T H R E A D  ---------------

Current thread (0xb6308800):  JavaThread "main" [_thread_in_vm, id=11741, stack(0xb6471000,0xb64c2000)]

Stack: [0xb6471000,0xb64c2000],  sp=0xb64beab0,  free space=310k
Native frames: (J=compiled Java code, j=interpreted, Vv=VM code, C=native code)
V  [libjvm.so+0x95f6ef]
V  [libjvm.so+0x3a71ea]
V  [libjvm.so+0x7c9c80]
V  [libjvm.so+0x7c12d7]
V  [libjvm.so+0x95c44a]
V  [libjvm.so+0x755db7]
V  [libjvm.so+0x755e7d]
V  [libjvm.so+0x755fc3]
V  [libjvm.so+0x756bf7]
V  [libjvm.so+0x7572fc]
V  [libjvm.so+0x757455]
V  [libjvm.so+0x39aedc]
V  [libjvm.so+0x75eff0]
V  [libjvm.so+0x31559d]
V  [libjvm.so+0x315ef5]
V  [libjvm.so+0x31707b]
V  [libjvm.so+0x8d9832]
V  [libjvm.so+0x5cb59d]
V  [libjvm.so+0x5ce228]  JVM_DefineClassWithSource+0x68
C  [libjava.so+0xaa3b]  Java_java_lang_ClassLoader_defineClass1+0x18b
J 1421  java.lang.ClassLoader.defineClass1(Ljava/lang/String;[BIILjava/security/ProtectionDomain;Ljava/lang/String;)Ljava/lang/Class; (0 bytes) @ 0xa76eda8b [0xa76ed9a0+0xeb]
J 1348 C1 java.lang.ClassLoader.defineClass(Ljava/lang/String;[BIILjava/security/ProtectionDomain;)Ljava/lang/Class; (43 bytes) @ 0xa76afbd4 [0xa76af720+0x4b4]
J 880 C1 java.net.URLClassLoader.defineClass(Ljava/lang/String;Lsun/misc/Resource;)Ljava/lang/Class; (142 bytes) @ 0xa75391f8 [0xa7537b20+0x16d8]
J 548 C1 java.net.URLClassLoader$1.run()Ljava/lang/Class; (63 bytes) @ 0xa747f5f8 [0xa747f3c0+0x238]
J 512 C1 java.net.URLClassLoader$1.run()Ljava/lang/Object; (5 bytes) @ 0xa746a050 [0xa7469fe0+0x70]
v  ~StubRoutines::call_stub
V  [libjvm.so+0x529bfd]
V  [libjvm.so+0x528e2a]
V  [libjvm.so+0x5dcf8b]  JVM_DoPrivileged+0x29b
C  [libjava.so+0x9df5]  Java_java_security_AccessController_doPrivileged__Ljava_security_PrivilegedExceptionAction_2Ljava_security_AccessControlContext_2+0x25
J 456  java.security.AccessController.doPrivileged(Ljava/security/PrivilegedExceptionAction;Ljava/security/AccessControlContext;)Ljava/lang/Object; (0 bytes) @ 0xa744a3cc [0xa744a320+0xac]
J 511 C1 java.net.URLClassLoader.findClass(Ljava/lang/String;)Ljava/lang/Class; (47 bytes) @ 0xa7469974 [0xa7469840+0x134]
J 2273 C2 java.lang.ClassLoader.loadClass(Ljava/lang/String;Z)Ljava/lang/Class; (122 bytes) @ 0xa77028a4 [0xa7702440+0x464]
J 410 C1 java.lang.ClassLoader.loadClass(Ljava/lang/String;)Ljava/lang/Class; (7 bytes) @ 0xa7438380 [0xa74382a0+0xe0]
j  org.apache.catalina.core.DefaultInstanceManager.loadClass(Ljava/lang/String;Ljava/lang/ClassLoader;)Ljava/lang/Class;+14
j  org.apache.catalina.core.DefaultInstanceManager.loadClassMaybePrivileged(Ljava/lang/String;Ljava/lang/ClassLoader;)Ljava/lang/Class;+62
j  org.apache.catalina.core.DefaultInstanceManager.newInstance(Ljava/lang/String;)Ljava/lang/Object;+6
j  org.apache.catalina.core.StandardWrapper.loadServlet()Ljavax/servlet/Servlet;+94
j  org.apache.catalina.core.StandardWrapper.load()V+2
j  org.apache.catalina.core.StandardContext.loadOnStartup([Lorg/apache/catalina/Container;)Z+170
j  org.apache.catalina.core.StandardContext.startInternal()V+1235
j  org.apache.catalina.util.LifecycleBase.start()V+210
j  org.apache.catalina.core.ContainerBase.addChildInternal(Lorg/apache/catalina/Container;)V+169
j  org.apache.catalina.core.ContainerBase.addChild(Lorg/apache/catalina/Container;)V+26
j  org.apache.catalina.core.StandardHost.addChild(Lorg/apache/catalina/Container;)V+79
j  org.apache.catalina.startup.HostConfig.deployWAR(Lorg/apache/catalina/util/ContextName;Ljava/io/File;)V+1766
j  org.apache.catalina.startup.HostConfig$DeployWar.run()V+12
j  java.util.concurrent.Executors$RunnableAdapter.call()Ljava/lang/Object;+4
j  java.util.concurrent.FutureTask.run()V+42
j  org.apache.tomcat.util.threads.InlineExecutorService.execute(Ljava/lang/Runnable;)V+38
j  java.util.concurrent.AbstractExecutorService.submit(Ljava/lang/Runnable;)Ljava/util/concurrent/Future;+21
j  org.apache.catalina.startup.HostConfig.deployWARs(Ljava/io/File;[Ljava/lang/String;)V+414
j  org.apache.catalina.startup.HostConfig.deployApps()V+41
j  org.apache.catalina.startup.HostConfig.start()V+233
j  org.apache.catalina.startup.HostConfig.lifecycleEvent(Lorg/apache/catalina/LifecycleEvent;)V+161
j  org.apache.catalina.util.LifecycleBase.fireLifecycleEvent(Ljava/lang/String;Ljava/lang/Object;)V+47
j  org.apache.catalina.util.LifecycleBase.setStateInternal(Lorg/apache/catalina/LifecycleState;Ljava/lang/Object;Z)V+140
j  org.apache.catalina.util.LifecycleBase.setState(Lorg/apache/catalina/LifecycleState;)V+4
j  org.apache.catalina.core.ContainerBase.startInternal()V+264
j  org.apache.catalina.core.StandardHost.startInternal()V+175
j  org.apache.catalina.util.LifecycleBase.start()V+210
j  org.apache.catalina.core.ContainerBase$StartChild.call()Ljava/lang/Void;+4
j  org.apache.catalina.core.ContainerBase$StartChild.call()Ljava/lang/Object;+1
j  java.util.concurrent.FutureTask.run()V+42
j  org.apache.tomcat.util.threads.InlineExecutorService.execute(Ljava/lang/Runnable;)V+38
j  java.util.concurrent.AbstractExecutorService.submit(Ljava/util/concurrent/Callable;)Ljava/util/concurrent/Future;+20
j  org.apache.catalina.core.ContainerBase.startInternal()V+106
j  org.apache.catalina.core.StandardEngine.startInternal()V+38
j  org.apache.catalina.util.LifecycleBase.start()V+210
j  org.apache.catalina.core.StandardService.startInternal()V+63
j  org.apache.catalina.util.LifecycleBase.start()V+210
j  org.apache.catalina.core.StandardServer.startInternal()V+53
j  org.apache.catalina.util.LifecycleBase.start()V+210
j  org.apache.catalina.startup.Catalina.start()V+44
v  ~StubRoutines::call_stub
V  [libjvm.so+0x529bfd]
V  [libjvm.so+0x528e2a]
V  [libjvm.so+0x83d4dc]
V  [libjvm.so+0x83e745]
V  [libjvm.so+0x5d89be]  JVM_InvokeMethod+0x1ae
C  [libjava.so+0xc453]  Java_sun_reflect_NativeMethodAccessorImpl_invoke0+0x23
j  sun.reflect.NativeMethodAccessorImpl.invoke0(Ljava/lang/reflect/Method;Ljava/lang/Object;[Ljava/lang/Object;)Ljava/lang/Object;+0
j  sun.reflect.NativeMethodAccessorImpl.invoke(Ljava/lang/Object;[Ljava/lang/Object;)Ljava/lang/Object;+100
J 933 C1 sun.reflect.DelegatingMethodAccessorImpl.invoke(Ljava/lang/Object;[Ljava/lang/Object;)Ljava/lang/Object; (10 bytes) @ 0xa7550d84 [0xa7550ca0+0xe4]
J 930 C1 java.lang.reflect.Method.invoke(Ljava/lang/Object;[Ljava/lang/Object;)Ljava/lang/Object; (62 bytes) @ 0xa75508dc [0xa75505c0+0x31c]
j  org.apache.catalina.startup.Bootstrap.start()V+37
j  org.apache.catalina.startup.Bootstrap.main([Ljava/lang/String;)V+170
v  ~StubRoutines::call_stub
V  [libjvm.so+0x529bfd]
V  [libjvm.so+0x528e2a]
V  [libjvm.so+0x5a3f6f]
V  [libjvm.so+0x5a5e2c]
C  [libjli.so+0x28e5]
C  [libpthread.so.0+0x6f72]  start_thread+0xd2
C  [libc.so.6+0xee43e]  clone+0x5e

Java frames: (J=compiled Java code, j=interpreted, Vv=VM code)
J 1421  java.lang.ClassLoader.defineClass1(Ljava/lang/String;[BIILjava/security/ProtectionDomain;Ljava/lang/String;)Ljava/lang/Class; (0 bytes) @ 0xa76eda47 [0xa76ed9a0+0xa7]
J 1348 C1 java.lang.ClassLoader.defineClass(Ljava/lang/String;[BIILjava/security/ProtectionDomain;)Ljava/lang/Class; (43 bytes) @ 0xa76afbd4 [0xa76af720+0x4b4]
J 880 C1 java.net.URLClassLoader.defineClass(Ljava/lang/String;Lsun/misc/Resource;)Ljava/lang/Class; (142 bytes) @ 0xa75391f8 [0xa7537b20+0x16d8]
J 548 C1 java.net.URLClassLoader$1.run()Ljava/lang/Class; (63 bytes) @ 0xa747f5f8 [0xa747f3c0+0x238]
J 512 C1 java.net.URLClassLoader$1.run()Ljava/lang/Object; (5 bytes) @ 0xa746a050 [0xa7469fe0+0x70]
v  ~StubRoutines::call_stub
J 456  java.security.AccessController.doPrivileged(Ljava/security/PrivilegedExceptionAction;Ljava/security/AccessControlContext;)Ljava/lang/Object; (0 bytes) @ 0xa744a388 [0xa744a320+0x68]
J 511 C1 java.net.URLClassLoader.findClass(Ljava/lang/String;)Ljava/lang/Class; (47 bytes) @ 0xa7469974 [0xa7469840+0x134]
J 2273 C2 java.lang.ClassLoader.loadClass(Ljava/lang/String;Z)Ljava/lang/Class; (122 bytes) @ 0xa77028a4 [0xa7702440+0x464]
J 410 C1 java.lang.ClassLoader.loadClass(Ljava/lang/String;)Ljava/lang/Class; (7 bytes) @ 0xa7438380 [0xa74382a0+0xe0]
j  org.apache.catalina.core.DefaultInstanceManager.loadClass(Ljava/lang/String;Ljava/lang/ClassLoader;)Ljava/lang/Class;+14
j  org.apache.catalina.core.DefaultInstanceManager.loadClassMaybePrivileged(Ljava/lang/String;Ljava/lang/ClassLoader;)Ljava/lang/Class;+62
j  org.apache.catalina.core.DefaultInstanceManager.newInstance(Ljava/lang/String;)Ljava/lang/Object;+6
j  org.apache.catalina.core.StandardWrapper.loadServlet()Ljavax/servlet/Servlet;+94
j  org.apache.catalina.core.StandardWrapper.load()V+2
j  org.apache.catalina.core.StandardContext.loadOnStartup([Lorg/apache/catalina/Container;)Z+170
j  org.apache.catalina.core.StandardContext.startInternal()V+1235
j  org.apache.catalina.util.LifecycleBase.start()V+210
j  org.apache.catalina.core.ContainerBase.addChildInternal(Lorg/apache/catalina/Container;)V+169
j  org.apache.catalina.core.ContainerBase.addChild(Lorg/apache/catalina/Container;)V+26
j  org.apache.catalina.core.StandardHost.addChild(Lorg/apache/catalina/Container;)V+79
j  org.apache.catalina.startup.HostConfig.deployWAR(Lorg/apache/catalina/util/ContextName;Ljava/io/File;)V+1766
j  org.apache.catalina.startup.HostConfig$DeployWar.run()V+12
j  java.util.concurrent.Executors$RunnableAdapter.call()Ljava/lang/Object;+4
j  java.util.concurrent.FutureTask.run()V+42
j  org.apache.tomcat.util.threads.InlineExecutorService.execute(Ljava/lang/Runnable;)V+38
j  java.util.concurrent.AbstractExecutorService.submit(Ljava/lang/Runnable;)Ljava/util/concurrent/Future;+21
j  org.apache.catalina.startup.HostConfig.deployWARs(Ljava/io/File;[Ljava/lang/String;)V+414
j  org.apache.catalina.startup.HostConfig.deployApps()V+41
j  org.apache.catalina.startup.HostConfig.start()V+233
j  org.apache.catalina.startup.HostConfig.lifecycleEvent(Lorg/apache/catalina/LifecycleEvent;)V+161
j  org.apache.catalina.util.LifecycleBase.fireLifecycleEvent(Ljava/lang/String;Ljava/lang/Object;)V+47
j  org.apache.catalina.util.LifecycleBase.setStateInternal(Lorg/apache/catalina/LifecycleState;Ljava/lang/Object;Z)V+140
j  org.apache.catalina.util.LifecycleBase.setState(Lorg/apache/catalina/LifecycleState;)V+4
j  org.apache.catalina.core.ContainerBase.startInternal()V+264
j  org.apache.catalina.core.StandardHost.startInternal()V+175
j  org.apache.catalina.util.LifecycleBase.start()V+210
j  org.apache.catalina.core.ContainerBase$StartChild.call()Ljava/lang/Void;+4
j  org.apache.catalina.core.ContainerBase$StartChild.call()Ljava/lang/Object;+1
j  java.util.concurrent.FutureTask.run()V+42
j  org.apache.tomcat.util.threads.InlineExecutorService.execute(Ljava/lang/Runnable;)V+38
j  java.util.concurrent.AbstractExecutorService.submit(Ljava/util/concurrent/Callable;)Ljava/util/concurrent/Future;+20
j  org.apache.catalina.core.ContainerBase.startInternal()V+106
j  org.apache.catalina.core.StandardEngine.startInternal()V+38
j  org.apache.catalina.util.LifecycleBase.start()V+210
j  org.apache.catalina.core.StandardService.startInternal()V+63
j  org.apache.catalina.util.LifecycleBase.start()V+210
j  org.apache.catalina.core.StandardServer.startInternal()V+53
j  org.apache.catalina.util.LifecycleBase.start()V+210
j  org.apache.catalina.startup.Catalina.start()V+44
v  ~StubRoutines::call_stub
j  sun.reflect.NativeMethodAccessorImpl.invoke0(Ljava/lang/reflect/Method;Ljava/lang/Object;[Ljava/lang/Object;)Ljava/lang/Object;+0
j  sun.reflect.NativeMethodAccessorImpl.invoke(Ljava/lang/Object;[Ljava/lang/Object;)Ljava/lang/Object;+100
J 933 C1 sun.reflect.DelegatingMethodAccessorImpl.invoke(Ljava/lang/Object;[Ljava/lang/Object;)Ljava/lang/Object; (10 bytes) @ 0xa7550d84 [0xa7550ca0+0xe4]
J 930 C1 java.lang.reflect.Method.invoke(Ljava/lang/Object;[Ljava/lang/Object;)Ljava/lang/Object; (62 bytes) @ 0xa75508dc [0xa75505c0+0x31c]
j  org.apache.catalina.startup.Bootstrap.start()V+37
j  org.apache.catalina.startup.Bootstrap.main([Ljava/lang/String;)V+170
v  ~StubRoutines::call_stub

---------------  P R O C E S S  ---------------

Java Threads: ( => current thread )
  0x635d0000 JavaThread "Jenkins initialization thread" [_thread_in_vm, id=11824, stack(0x62fa3000,0x62ff4000)]
  0x635bec00 JavaThread "Java2D Disposer" daemon [_thread_blocked, id=11821, stack(0x62ff4000,0x63045000)]
  0x651e8400 JavaThread "GC Daemon" daemon [_thread_blocked, id=11755, stack(0x64daf000,0x64e00000)]
  0x6572f400 JavaThread "FileHandlerLogFilesCleaner-1" daemon [_thread_blocked, id=11754, stack(0x656af000,0x65700000)]
  0x6571ac00 JavaThread "AsyncFileHandlerWriter-25195604" daemon [_thread_blocked, id=11752, stack(0x65808000,0x65859000)]
  0x6883a000 JavaThread "Service Thread" daemon [_thread_blocked, id=11750, stack(0x6593c000,0x6598d000)]
  0x68837c00 JavaThread "C1 CompilerThread1" daemon [_thread_blocked, id=11749, stack(0x6598d000,0x65a0e000)]
  0x68836000 JavaThread "C2 CompilerThread0" daemon [_thread_blocked, id=11748, stack(0x65a0e000,0x65a8f000)]
  0x68833000 JavaThread "Signal Dispatcher" daemon [_thread_blocked, id=11747, stack(0x65a8f000,0x65ae0000)]
  0x68819000 JavaThread "Finalizer" daemon [_thread_blocked, id=11746, stack(0x65ce0000,0x65d31000)]
  0x68816000 JavaThread "Reference Handler" daemon [_thread_blocked, id=11745, stack(0x65d31000,0x65d82000)]
=>0xb6308800 JavaThread "main" [_thread_in_vm, id=11741, stack(0xb6471000,0xb64c2000)]

Other Threads:
  0x68810800 VMThread [stack: 0x65d82000,0x65e03000] [id=11744]
  0x6883b800 WatcherThread [stack: 0x658bb000,0x6593c000] [id=11751]

VM state:not at safepoint (normal execution)

VM Mutex/Monitor currently owned by a thread: None

Heap:
 PSYoungGen      total 307968K, used 28694K [0x92380000, 0xa6e00000, 0xa6e00000)
  eden space 286208K, 2% used [0x92380000,0x92a7cec0,0xa3b00000)
  from space 21760K, 98% used [0xa3b00000,0xa5008ad0,0xa5040000)
  to   space 28416K, 0% used [0xa5240000,0xa5240000,0xa6e00000)
 ParOldGen       total 71168K, used 45640K [0x68e00000, 0x6d380000, 0x92380000)
  object space 71168K, 64% used [0x68e00000,0x6ba92040,0x6d380000)
 Metaspace       used 15409K, capacity 15688K, committed 15768K, reserved 16688K

Card table byte_map: [0x68c0f000,0x68e00000] byte_map_base: 0x688c8000

Marking Bits: (ParMarkBitMap*) 0xb70fa7c0
 Begin Bits: [0x66800000, 0x67780000)
 End Bits:   [0x67780000, 0x68700000)

Polling page: 0xb76fd000

CodeCache: size=245760Kb used=6512Kb max_used=6616Kb free=239247Kb
 bounds [0xa72e8000, 0xa7968000, 0xb62e8000]
 total_blobs=2343 nmethods=2121 adapters=136
 compilation: enabled

Compilation events (10 events):
Event: 261,213 Thread 0x68836000 2511       4       java.util.zip.ZipFile$ZipFileInputStream::finalize (5 bytes)
Event: 271,432 Thread 0x68837c00 nmethod 2510 0xa75bfbc8 code [0xa75bfcc0, 0xa75bfda0]
Event: 271,910 Thread 0x68837c00 2513   !   3       java.util.zip.ZipFile::close (223 bytes)
Event: 278,829 Thread 0x68837c00 nmethod 2513 0xa74bfd08 code [0xa74c0020, 0xa74c151c]
Event: 278,829 Thread 0x68837c00 2515   !   3       java.util.concurrent.locks.AbstractQueuedSynchronizer::acquireQueued (93 bytes)
Event: 279,224 Thread 0x68837c00 nmethod 2515 0xa7665d48 code [0xa7665f40, 0xa7666768]
Event: 279,607 Thread 0x68837c00 2518       3       java.util.concurrent.locks.AbstractQueuedSynchronizer$ConditionObject::unlinkCancelledWaiters (67 bytes)
Event: 279,608 Thread 0x68837c00 nmethod 2518 0xa74cd148 code [0xa74cd260, 0xa74cd4a0]
Event: 279,657 Thread 0x68837c00 2517       3       java.util.concurrent.locks.AbstractQueuedSynchronizer::transferAfterCancelledWait (34 bytes)
Event: 279,658 Thread 0x68837c00 nmethod 2517 0xa7495e88 code [0xa7496000, 0xa7496498]

GC Heap History (10 events):
Event: 24,744 GC heap before
{Heap before GC invocations=10 (full 0):
 PSYoungGen      total 134656K, used 134645K [0x92380000, 0xa0140000, 0xa6e00000)
  eden space 124928K, 100% used [0x92380000,0x99d80000,0x99d80000)
  from space 9728K, 99% used [0x99d80000,0x9a6fd5b0,0x9a700000)
  to   space 13568K, 0% used [0x9f400000,0x9f400000,0xa0140000)
 ParOldGen       total 42496K, used 23060K [0x68e00000, 0x6b780000, 0x92380000)
  object space 42496K, 54% used [0x68e00000,0x6a4851c0,0x6b780000)
 Metaspace       used 11198K, capacity 11484K, committed 11544K, reserved 11568K
Event: 24,807 GC heap after
Heap after GC invocations=10 (full 0):
 PSYoungGen      total 212736K, used 11158K [0x92380000, 0xa02c0000, 0xa6e00000)
  eden space 199168K, 0% used [0x92380000,0x92380000,0x9e600000)
  from space 13568K, 82% used [0x9f400000,0x9fee59d8,0xa0140000)
  to   space 14336K, 0% used [0x9e600000,0x9e600000,0x9f400000)
 ParOldGen       total 42496K, used 24692K [0x68e00000, 0x6b780000, 0x92380000)
  object space 42496K, 58% used [0x68e00000,0x6a61d1f8,0x6b780000)
 Metaspace       used 11198K, capacity 11484K, committed 11544K, reserved 11568K
}
Event: 29,813 GC heap before
{Heap before GC invocations=11 (full 0):
 PSYoungGen      total 212736K, used 210326K [0x92380000, 0xa02c0000, 0xa6e00000)
  eden space 199168K, 100% used [0x92380000,0x9e600000,0x9e600000)
  from space 13568K, 82% used [0x9f400000,0x9fee59d8,0xa0140000)
  to   space 14336K, 0% used [0x9e600000,0x9e600000,0x9f400000)
 ParOldGen       total 42496K, used 24692K [0x68e00000, 0x6b780000, 0x92380000)
  object space 42496K, 58% used [0x68e00000,0x6a61d1f8,0x6b780000)
 Metaspace       used 11202K, capacity 11484K, committed 11544K, reserved 11568K
Event: 30,358 GC heap after
Heap after GC invocations=11 (full 0):
 PSYoungGen      total 213504K, used 14335K [0x92380000, 0xa6e00000, 0xa6e00000)
  eden space 199168K, 0% used [0x92380000,0x92380000,0x9e600000)
  from space 14336K, 99% used [0x9e600000,0x9f3fffd0,0x9f400000)
  to   space 21248K, 0% used [0xa5940000,0xa5940000,0xa6e00000)
 ParOldGen       total 42496K, used 38206K [0x68e00000, 0x6b780000, 0x92380000)
  object space 42496K, 89% used [0x68e00000,0x6b34faf8,0x6b780000)
 Metaspace       used 11202K, capacity 11484K, committed 11544K, reserved 11568K
}
Event: 30,358 GC heap before
{Heap before GC invocations=12 (full 1):
 PSYoungGen      total 213504K, used 14335K [0x92380000, 0xa6e00000, 0xa6e00000)
  eden space 199168K, 0% used [0x92380000,0x92380000,0x9e600000)
  from space 14336K, 99% used [0x9e600000,0x9f3fffd0,0x9f400000)
  to   space 21248K, 0% used [0xa5940000,0xa5940000,0xa6e00000)
 ParOldGen       total 42496K, used 38206K [0x68e00000, 0x6b780000, 0x92380000)
  object space 42496K, 89% used [0x68e00000,0x6b34faf8,0x6b780000)
 Metaspace       used 11202K, capacity 11484K, committed 11544K, reserved 11568K
Event: 31,142 GC heap after
Heap after GC invocations=12 (full 1):
 PSYoungGen      total 213504K, used 0K [0x92380000, 0xa6e00000, 0xa6e00000)
  eden space 199168K, 0% used [0x92380000,0x92380000,0x9e600000)
  from space 14336K, 0% used [0x9e600000,0x9e600000,0x9f400000)
  to   space 21248K, 0% used [0xa5940000,0xa5940000,0xa6e00000)
 ParOldGen       total 71168K, used 40217K [0x68e00000, 0x6d380000, 0x92380000)
  object space 71168K, 56% used [0x68e00000,0x6b546530,0x6d380000)
 Metaspace       used 11202K, capacity 11484K, committed 11544K, reserved 11568K
}
Event: 105,675 GC heap before
{Heap before GC invocations=13 (full 1):
 PSYoungGen      total 213504K, used 199168K [0x92380000, 0xa6e00000, 0xa6e00000)
  eden space 199168K, 100% used [0x92380000,0x9e600000,0x9e600000)
  from space 14336K, 0% used [0x9e600000,0x9e600000,0x9f400000)
  to   space 21248K, 0% used [0xa5940000,0xa5940000,0xa6e00000)
 ParOldGen       total 71168K, used 40217K [0x68e00000, 0x6d380000, 0x92380000)
  object space 71168K, 56% used [0x68e00000,0x6b546530,0x6d380000)
 Metaspace       used 11202K, capacity 11484K, committed 11544K, reserved 11568K
Event: 105,852 GC heap after
Heap after GC invocations=13 (full 1):
 PSYoungGen      total 291840K, used 21232K [0x92380000, 0xa6e00000, 0xa6e00000)
  eden space 270592K, 0% used [0x92380000,0x92380000,0xa2bc0000)
  from space 21248K, 99% used [0xa5940000,0xa6dfc118,0xa6e00000)
  to   space 26112K, 0% used [0xa3b00000,0xa3b00000,0xa5480000)
 ParOldGen       total 71168K, used 44876K [0x68e00000, 0x6d380000, 0x92380000)
  object space 71168K, 63% used [0x68e00000,0x6b9d33b0,0x6d380000)
 Metaspace       used 11202K, capacity 11484K, committed 11544K, reserved 11568K
}
Event: 256,199 GC heap before
{Heap before GC invocations=14 (full 1):
 PSYoungGen      total 291840K, used 291824K [0x92380000, 0xa6e00000, 0xa6e00000)
  eden space 270592K, 100% used [0x92380000,0xa2bc0000,0xa2bc0000)
  from space 21248K, 99% used [0xa5940000,0xa6dfc118,0xa6e00000)
  to   space 26112K, 0% used [0xa3b00000,0xa3b00000,0xa5480000)
 ParOldGen       total 71168K, used 44876K [0x68e00000, 0x6d380000, 0x92380000)
  object space 71168K, 63% used [0x68e00000,0x6b9d33b0,0x6d380000)
 Metaspace       used 15356K, capacity 15656K, committed 15768K, reserved 16688K
Event: 256,658 GC heap after
Heap after GC invocations=14 (full 1):
 PSYoungGen      total 307968K, used 21538K [0x92380000, 0xa6e00000, 0xa6e00000)
  eden space 286208K, 0% used [0x92380000,0x92380000,0xa3b00000)
  from space 21760K, 98% used [0xa3b00000,0xa5008ad0,0xa5040000)
  to   space 28416K, 0% used [0xa5240000,0xa5240000,0xa6e00000)
 ParOldGen       total 71168K, used 45640K [0x68e00000, 0x6d380000, 0x92380000)
  object space 71168K, 64% used [0x68e00000,0x6ba92040,0x6d380000)
 Metaspace       used 15356K, capacity 15656K, committed 15768K, reserved 16688K
}

Deoptimization events (10 events):
Event: 209,946 Thread 0xb6308800 Uncommon trap: reason=bimorphic action=maybe_recompile pc=0xa776fb0c method=java.util.Properties$LineReader.readLine()I @ 62
Event: 209,946 Thread 0xb6308800 Uncommon trap: reason=bimorphic action=maybe_recompile pc=0xa776fb0c method=java.util.Properties$LineReader.readLine()I @ 62
Event: 209,946 Thread 0xb6308800 Uncommon trap: reason=class_check action=maybe_recompile pc=0xa776fae4 method=java.util.Properties$LineReader.readLine()I @ 410
Event: 209,946 Thread 0xb6308800 Uncommon trap: reason=bimorphic action=maybe_recompile pc=0xa776fb0c method=java.util.Properties$LineReader.readLine()I @ 62
Event: 212,987 Thread 0xb6308800 Uncommon trap: reason=predicate action=maybe_recompile pc=0xa78bab8c method=java.lang.String.regionMatches(ZILjava/lang/String;II)Z @ 63
Event: 218,393 Thread 0xb6308800 Uncommon trap: reason=class_check action=maybe_recompile pc=0xa77688fc method=org.apache.catalina.webresources.StandardRoot.getResourceInternal(Ljava/lang/String;Z)Lorg/apache/catalina/WebResource; @ 78
Event: 218,394 Thread 0xb6308800 Uncommon trap: reason=unstable_if action=reinterpret pc=0xa743faf8 method=java.io.UnixFileSystem.getBooleanAttributes(Ljava/io/File;)I @ 25
Event: 247,010 Thread 0xb6308800 Uncommon trap: reason=unstable_if action=reinterpret pc=0xa75981c8 method=java.io.File.getName()Ljava/lang/String; @ 16
Event: 251,326 Thread 0x635d0000 Uncommon trap: reason=null_check action=make_not_entrant pc=0xa74ede28 method=java.lang.StringCoding.decode(Ljava/lang/String;[BII)[C @ 6
Event: 251,413 Thread 0xb6308800 Uncommon trap: reason=unstable_if action=reinterpret pc=0xa73fb2e8 method=java.lang.StringCoding$StringEncoder.encode([CII)[B @ 20

Classes redefined (0 events):
No events

Internal exceptions (10 events):
Event: 194,737 Thread 0xb6308800 Implicit null exception at 0xa756b39e to 0xa756d331
Event: 194,760 Thread 0xb6308800 Exception <a 'java/lang/NullPointerException'> (0x9a1db9c8) thrown at [/build/openjdk-8-1QJukn/openjdk-8-8u292-b10/src/hotspot/src/share/vm/runtime/sharedRuntime.cpp, line 609]
Event: 196,278 Thread 0xb6308800 Implicit null exception at 0xa756b39e to 0xa756d331
Event: 196,333 Thread 0xb6308800 Exception <a 'java/lang/NullPointerException'> (0x9a4eff80) thrown at [/build/openjdk-8-1QJukn/openjdk-8-8u292-b10/src/hotspot/src/share/vm/runtime/sharedRuntime.cpp, line 609]
Event: 196,434 Thread 0xb6308800 Implicit null exception at 0xa756b39e to 0xa756d331
Event: 196,434 Thread 0xb6308800 Exception <a 'java/lang/NullPointerException'> (0x9a641220) thrown at [/build/openjdk-8-1QJukn/openjdk-8-8u292-b10/src/hotspot/src/share/vm/runtime/sharedRuntime.cpp, line 609]
Event: 217,861 Thread 0xb6308800 Exception <a 'java/io/FileNotFoundException'> (0xa136e540) thrown at [/build/openjdk-8-1QJukn/openjdk-8-8u292-b10/src/hotspot/src/share/vm/prims/jni.cpp, line 711]
Event: 232,050 Thread 0xb6308800 Exception <a 'java/io/FileNotFoundException'> (0xa1a779b8) thrown at [/build/openjdk-8-1QJukn/openjdk-8-8u292-b10/src/hotspot/src/share/vm/prims/jni.cpp, line 711]
Event: 251,319 Thread 0x635d0000 Implicit null exception at 0xa74ed76a to 0xa74ede19
Event: 253,790 Thread 0xb6308800 Exception <a 'java/io/FileNotFoundException'> (0xa207a5a0) thrown at [/build/openjdk-8-1QJukn/openjdk-8-8u292-b10/src/hotspot/src/share/vm/prims/jni.cpp, line 711]

Events (10 events):
Event: 279,658 Thread 0x68837c00 flushing nmethod 0xa7897f48
Event: 279,658 Thread 0x68837c00 flushing nmethod 0xa78a5e08
Event: 279,658 Thread 0x68837c00 flushing nmethod 0xa78aa988
Event: 279,658 Thread 0x68837c00 flushing nmethod 0xa78ac188
Event: 279,658 Thread 0x68837c00 flushing nmethod 0xa78aed88
Event: 279,658 Thread 0x68837c00 flushing nmethod 0xa78c5f48
Event: 280,272 loading class hudson/ExtensionList
Event: 280,272 loading class hudson/ExtensionList done
Event: 280,380 loading class jenkins/model/Jenkins
Event: 280,380 loading class jenkins/model/Jenkins done


Dynamic libraries:
08048000-08049000 r-xp 00000000 fc:01 6687636    /usr/lib/jvm/java-8-openjdk-i386/jre/bin/java
08049000-0804a000 r--p 00000000 fc:01 6687636    /usr/lib/jvm/java-8-openjdk-i386/jre/bin/java
0804a000-0804b000 rw-p 00001000 fc:01 6687636    /usr/lib/jvm/java-8-openjdk-i386/jre/bin/java
09648000-0b215000 rw-p 00000000 00:00 0          [heap]
62ea3000-62ec3000 rw-p 00000000 00:00 0 
62ee3000-62fa3000 ---p 00000000 00:00 0 
62fa3000-62fa6000 ---p 00000000 00:00 0 
62fa6000-62ff4000 rw-p 00000000 00:00 0          [stack:11824]
62ff4000-62ff7000 ---p 00000000 00:00 0 
62ff7000-63045000 rw-p 00000000 00:00 0          [stack:11821]
63045000-6306b000 r-xp 00000000 fc:01 10093619   /lib/i386-linux-gnu/libpng12.so.0.50.0
6306b000-6306c000 r--p 00025000 fc:01 10093619   /lib/i386-linux-gnu/libpng12.so.0.50.0
6306c000-6306d000 rw-p 00026000 fc:01 10093619   /lib/i386-linux-gnu/libpng12.so.0.50.0
6306d000-63108000 r-xp 00000000 fc:01 6559676    /usr/lib/i386-linux-gnu/libfreetype.so.6.11.1
63108000-6310c000 r--p 0009a000 fc:01 6559676    /usr/lib/i386-linux-gnu/libfreetype.so.6.11.1
6310c000-6310d000 rw-p 0009e000 fc:01 6559676    /usr/lib/i386-linux-gnu/libfreetype.so.6.11.1
6310d000-6316c000 r-xp 00000000 fc:01 6687584    /usr/lib/jvm/java-8-openjdk-i386/jre/lib/i386/libfontmanager.so
6316c000-6316e000 r--p 0005f000 fc:01 6687584    /usr/lib/jvm/java-8-openjdk-i386/jre/lib/i386/libfontmanager.so
6316e000-6316f000 rw-p 00061000 fc:01 6687584    /usr/lib/jvm/java-8-openjdk-i386/jre/lib/i386/libfontmanager.so
6316f000-6326f000 rw-p 00000000 00:00 0 
6326f000-6339f000 r-xp 00000000 fc:01 6555754    /usr/lib/i386-linux-gnu/libX11.so.6.3.0
6339f000-633a0000 r--p 00130000 fc:01 6555754    /usr/lib/i386-linux-gnu/libX11.so.6.3.0
633a0000-633a2000 rw-p 00131000 fc:01 6555754    /usr/lib/i386-linux-gnu/libX11.so.6.3.0
633a2000-633a3000 rw-p 00000000 00:00 0 
633a3000-633fc000 r-xp 00000000 fc:01 6687571    /usr/lib/jvm/java-8-openjdk-i386/jre/lib/i386/libawt_xawt.so
633fc000-633fd000 r--p 00058000 fc:01 6687571    /usr/lib/jvm/java-8-openjdk-i386/jre/lib/i386/libawt_xawt.so
633fd000-633ff000 rw-p 00059000 fc:01 6687571    /usr/lib/jvm/java-8-openjdk-i386/jre/lib/i386/libawt_xawt.so
633ff000-63500000 rw-p 00000000 00:00 0 
63500000-63600000 rw-p 00000000 00:00 0 
63600000-636b2000 rw-p 00000000 00:00 0 
636b2000-63700000 ---p 00000000 00:00 0 
63700000-63800000 rw-p 00000000 00:00 0 
63800000-63a00000 rw-p 00000000 00:00 0 
63a00000-63b00000 rw-p 00000000 00:00 0 
63b00000-63bfe000 rw-p 00000000 00:00 0 
63bfe000-63c00000 ---p 00000000 00:00 0 
63c00000-63cfa000 rw-p 00000000 00:00 0 
63cfa000-63d00000 ---p 00000000 00:00 0 
63d00000-63dff000 rw-p 00000000 00:00 0 
63dff000-63e00000 ---p 00000000 00:00 0 
63e00000-63efe000 rw-p 00000000 00:00 0 
63efe000-63f00000 ---p 00000000 00:00 0 
63f00000-63ffe000 rw-p 00000000 00:00 0 
63ffe000-64000000 ---p 00000000 00:00 0 
64000000-640ff000 rw-p 00000000 00:00 0 
640ff000-64100000 ---p 00000000 00:00 0 
64100000-641fe000 rw-p 00000000 00:00 0 
641fe000-64200000 ---p 00000000 00:00 0 
64214000-64219000 r-xp 00000000 fc:01 6558924    /usr/lib/i386-linux-gnu/libXdmcp.so.6.0.0
64219000-6421a000 r--p 00004000 fc:01 6558924    /usr/lib/i386-linux-gnu/libXdmcp.so.6.0.0
6421a000-6421b000 rw-p 00005000 fc:01 6558924    /usr/lib/i386-linux-gnu/libXdmcp.so.6.0.0
6421b000-6421d000 r-xp 00000000 fc:01 6558913    /usr/lib/i386-linux-gnu/libXau.so.6.0.0
6421d000-6421e000 r--p 00001000 fc:01 6558913    /usr/lib/i386-linux-gnu/libXau.so.6.0.0
6421e000-6421f000 rw-p 00002000 fc:01 6558913    /usr/lib/i386-linux-gnu/libXau.so.6.0.0
6421f000-6423f000 r-xp 00000000 fc:01 6559977    /usr/lib/i386-linux-gnu/libxcb.so.1.1.0
6423f000-64240000 r--p 0001f000 fc:01 6559977    /usr/lib/i386-linux-gnu/libxcb.so.1.1.0
64240000-64241000 rw-p 00020000 fc:01 6559977    /usr/lib/i386-linux-gnu/libxcb.so.1.1.0
64241000-642cb000 r-xp 00000000 fc:01 6687567    /usr/lib/jvm/java-8-openjdk-i386/jre/lib/i386/libawt.so
642cb000-642cc000 r--p 00089000 fc:01 6687567    /usr/lib/jvm/java-8-openjdk-i386/jre/lib/i386/libawt.so
642cc000-642d3000 rw-p 0008a000 fc:01 6687567    /usr/lib/jvm/java-8-openjdk-i386/jre/lib/i386/libawt.so
642d3000-643f7000 rw-p 00000000 00:00 0 
643f7000-64500000 r--s 0099b000 fc:01 3146705    /opt/jenkins/apache-tomcat-9.0.48/webapps/jenkins/WEB-INF/lib/jenkins-core-2.263.4.jar
64500000-645fd000 rw-p 00000000 00:00 0 
645fd000-64600000 ---p 00000000 00:00 0 
64600000-6460e000 r-xp 00000000 fc:01 6553786    /usr/lib/i386-linux-gnu/libXi.so.6.1.0
6460e000-6460f000 r--p 0000e000 fc:01 6553786    /usr/lib/i386-linux-gnu/libXi.so.6.1.0
6460f000-64610000 rw-p 0000f000 fc:01 6553786    /usr/lib/i386-linux-gnu/libXi.so.6.1.0
64610000-64615000 r-xp 00000000 fc:01 6558954    /usr/lib/i386-linux-gnu/libXtst.so.6.1.0
64615000-64616000 r--p 00004000 fc:01 6558954    /usr/lib/i386-linux-gnu/libXtst.so.6.1.0
64616000-64617000 rw-p 00005000 fc:01 6558954    /usr/lib/i386-linux-gnu/libXtst.so.6.1.0
64617000-64620000 r-xp 00000000 fc:01 6555867    /usr/lib/i386-linux-gnu/libXrender.so.1.3.0
64620000-64621000 r--p 00008000 fc:01 6555867    /usr/lib/i386-linux-gnu/libXrender.so.1.3.0
64621000-64622000 rw-p 00009000 fc:01 6555867    /usr/lib/i386-linux-gnu/libXrender.so.1.3.0
64622000-64633000 r-xp 00000000 fc:01 6555758    /usr/lib/i386-linux-gnu/libXext.so.6.4.0
64633000-64634000 r--p 00010000 fc:01 6555758    /usr/lib/i386-linux-gnu/libXext.so.6.4.0
64634000-64635000 rw-p 00011000 fc:01 6555758    /usr/lib/i386-linux-gnu/libXext.so.6.4.0
64646000-64649000 rw-p 00000000 00:00 0 
64649000-6465c000 r--s 0034b000 fc:01 6565491    /usr/lib/jvm/java-8-openjdk-i386/jre/lib/resources.jar
6465c000-6465e000 r--s 00032000 fc:01 3146733    /opt/jenkins/apache-tomcat-9.0.48/webapps/jenkins/WEB-INF/lib/jquery-detached-1.2.1-core-assets.jar
6465e000-6466a000 r--s 0008b000 fc:01 3146806    /opt/jenkins/apache-tomcat-9.0.48/webapps/jenkins/WEB-INF/lib/commons-compress-1.19.jar
6466a000-6466d000 r--s 00014000 fc:01 3146715    /opt/jenkins/apache-tomcat-9.0.48/webapps/jenkins/WEB-INF/lib/jna-posix-1.0.3-jenkins-1.jar
6466d000-6466f000 r--s 00009000 fc:01 3146760    /opt/jenkins/apache-tomcat-9.0.48/webapps/jenkins/WEB-INF/lib/slf4j-api-1.7.30.jar
6466f000-64670000 r--s 00000000 fc:01 3146706    /opt/jenkins/apache-tomcat-9.0.48/webapps/jenkins/WEB-INF/lib/symbol-annotation-1.1.jar
64670000-64679000 r--s 0009b000 fc:01 3146708    /opt/jenkins/apache-tomcat-9.0.48/webapps/jenkins/WEB-INF/lib/jakarta.mail-1.6.5.jar
64679000-6467c000 r--s 00010000 fc:01 3146770    /opt/jenkins/apache-tomcat-9.0.48/webapps/jenkins/WEB-INF/lib/commons-discovery-0.4.jar
6467c000-6467e000 r--s 00004000 fc:01 3146807    /opt/jenkins/apache-tomcat-9.0.48/webapps/jenkins/WEB-INF/lib/stax-api-1.0-2.jar
6467e000-64682000 r--s 00022000 fc:01 3146812    /opt/jenkins/apache-tomcat-9.0.48/webapps/jenkins/WEB-INF/lib/args4j-2.33.jar
64682000-646bf000 r--s 002d5000 fc:01 3146758    /opt/jenkins/apache-tomcat-9.0.48/webapps/jenkins/WEB-INF/lib/cli-2.263.4.jar
646bf000-646c5000 r--s 00049000 fc:01 3146769    /opt/jenkins/apache-tomcat-9.0.48/webapps/jenkins/WEB-INF/lib/commons-httpclient-3.1-jenkins-2.jar
646c5000-646c6000 r--s 0003e000 fc:01 3146702    /opt/jenkins/apache-tomcat-9.0.48/webapps/jenkins/WEB-INF/lib/windows-slave-installer-2.0.jar
646c6000-646e6000 r--s 00173000 fc:01 3146719    /opt/jenkins/apache-tomcat-9.0.48/webapps/jenkins/WEB-INF/lib/guava-11.0.1.jar
646e6000-646e8000 r--s 00002000 fc:01 3146726    /opt/jenkins/apache-tomcat-9.0.48/webapps/jenkins/WEB-INF/lib/spotbugs-annotations-4.1.3.jar
646e8000-646eb000 r--s 00013000 fc:01 3146738    /opt/jenkins/apache-tomcat-9.0.48/webapps/jenkins/WEB-INF/lib/ezmorph-1.0.6.jar
646eb000-646ec000 r--s 00004000 fc:01 3146748    /opt/jenkins/apache-tomcat-9.0.48/webapps/jenkins/WEB-INF/lib/jbcrypt-1.0.0.jar
646ec000-646ed000 r--s 00002000 fc:01 3146788    /opt/jenkins/apache-tomcat-9.0.48/webapps/jenkins/WEB-INF/lib/access-modifier-annotation-1.16.jar
646ed000-646f2000 r--s 00036000 fc:01 3146782    /opt/jenkins/apache-tomcat-9.0.48/webapps/jenkins/WEB-INF/lib/jnr-posix-3.0.45.jar
646f2000-646f3000 r--s 0000a000 fc:01 3146761    /opt/jenkins/apache-tomcat-9.0.48/webapps/jenkins/WEB-INF/lib/kxml2-2.3.0.jar
646f3000-646f8000 r--s 00038000 fc:01 3146796    /opt/jenkins/apache-tomcat-9.0.48/webapps/jenkins/WEB-INF/lib/commons-beanutils-1.9.3.jar
646f8000-646fa000 r--s 00008000 fc:01 3146720    /opt/jenkins/apache-tomcat-9.0.48/webapps/jenkins/WEB-INF/lib/bytecode-compatibility-transformer-2.0-beta-2.jar
646fa000-646fc000 r--s 0001a000 fc:01 3146744    /opt/jenkins/apache-tomcat-9.0.48/webapps/jenkins/WEB-INF/lib/jansi-1.11.jar
646fc000-646fe000 r--s 00000000 fc:01 3146735    /opt/jenkins/apache-tomcat-9.0.48/webapps/jenkins/WEB-INF/lib/aopalliance-1.0.jar
646fe000-64701000 r--s 0000e000 fc:01 3146742    /opt/jenkins/apache-tomcat-9.0.48/webapps/jenkins/WEB-INF/lib/jakarta.activation-1.2.1.jar
64701000-64709000 r--s 00048000 fc:01 3146817    /opt/jenkins/apache-tomcat-9.0.48/webapps/jenkins/WEB-INF/lib/spring-aop-2.5.6.SEC03.jar
64709000-6470c000 r--s 0000e000 fc:01 3146711    /opt/jenkins/apache-tomcat-9.0.48/webapps/jenkins/WEB-INF/lib/txw2-20110809.jar
6470c000-6470d000 r--s 00004000 fc:01 3146805    /opt/jenkins/apache-tomcat-9.0.48/webapps/jenkins/WEB-INF/lib/akuma-1.10.jar
6470d000-6470e000 r--s 00005000 fc:01 3146718    /opt/jenkins/apache-tomcat-9.0.48/webapps/jenkins/WEB-INF/lib/commons-jelly-tags-fmt-1.0.jar
6470e000-64711000 r--s 00020000 fc:01 3146749    /opt/jenkins/apache-tomcat-9.0.48/webapps/jenkins/WEB-INF/lib/json-lib-2.4-jenkins-2.jar
64711000-64712000 r--s 00000000 fc:01 3146728    /opt/jenkins/apache-tomcat-9.0.48/webapps/jenkins/WEB-INF/lib/javax.inject-1.jar
64712000-64718000 r--s 0004b000 fc:01 3146716    /opt/jenkins/apache-tomcat-9.0.48/webapps/jenkins/WEB-INF/lib/jcommon-1.0.23.jar
64718000-6471a000 r--s 0000e000 fc:01 3146820    /opt/jenkins/apache-tomcat-9.0.48/webapps/jenkins/WEB-INF/lib/eddsa-0.3.0.jar
6471a000-6471d000 r--s 00015000 fc:01 3146797    /opt/jenkins/apache-tomcat-9.0.48/webapps/jenkins/WEB-INF/lib/spring-context-support-2.5.6.SEC03.jar
6471d000-64723000 r--s 00064000 fc:01 3146730    /opt/jenkins/apache-tomcat-9.0.48/webapps/jenkins/WEB-INF/lib/asm6-6.2.jar
64723000-64727000 r--s 0016c000 fc:01 3146729    /opt/jenkins/apache-tomcat-9.0.48/webapps/jenkins/WEB-INF/lib/jna-5.3.1.jar
64727000-64728000 r--s 00003000 fc:01 3146787    /opt/jenkins/apache-tomcat-9.0.48/webapps/jenkins/WEB-INF/lib/annotation-indexer-1.12.jar
64728000-6472e000 r--s 00052000 fc:01 3146723    /opt/jenkins/apache-tomcat-9.0.48/webapps/jenkins/WEB-INF/lib/jnr-constants-0.9.9.jar
6472e000-6472f000 r--s 00036000 fc:01 3146756    /opt/jenkins/apache-tomcat-9.0.48/webapps/jenkins/WEB-INF/lib/winp-1.28.jar
6472f000-6474e000 r--s 0020d000 fc:01 3146753    /opt/jenkins/apache-tomcat-9.0.48/webapps/jenkins/WEB-INF/lib/ant-1.10.9.jar
6474e000-64754000 r--s 0007a000 fc:01 3146734    /opt/jenkins/apache-tomcat-9.0.48/webapps/jenkins/WEB-INF/lib/wstx-asl-3.2.9.jar
64754000-64756000 r--s 00000000 fc:01 3146814    /opt/jenkins/apache-tomcat-9.0.48/webapps/jenkins/WEB-INF/lib/robust-http-client-1.2.jar
64756000-64758000 r--s 00003000 fc:01 3146722    /opt/jenkins/apache-tomcat-9.0.48/webapps/jenkins/WEB-INF/lib/tiger-types-2.2.jar
64758000-6475f000 r--s 0005b000 fc:01 3146762    /opt/jenkins/apache-tomcat-9.0.48/webapps/jenkins/WEB-INF/lib/jcifs-1.3.17-kohsuke-1.jar
6475f000-64761000 r--s 00025000 fc:01 3146822    /opt/jenkins/apache-tomcat-9.0.48/webapps/jenkins/WEB-INF/lib/bootstrap-1.3.2-core-assets.jar
64761000-64766000 r--s 00041000 fc:01 3146704    /opt/jenkins/apache-tomcat-9.0.48/webapps/jenkins/WEB-INF/lib/commons-lang-2.6.jar
64766000-64768000 r--s 00000000 fc:01 3146727    /opt/jenkins/apache-tomcat-9.0.48/webapps/jenkins/WEB-INF/lib/windows-package-checker-1.2.jar
64768000-6476e000 r--s 00067000 fc:01 3146766    /opt/jenkins/apache-tomcat-9.0.48/webapps/jenkins/WEB-INF/lib/antlr-2.7.6.jar
6476e000-6476f000 r--s 00004000 fc:01 3146771    /opt/jenkins/apache-tomcat-9.0.48/webapps/jenkins/WEB-INF/lib/stapler-adjunct-zeroclipboard-1.3.5-1.jar
6476f000-64771000 r--s 00003000 fc:01 3146731    /opt/jenkins/apache-tomcat-9.0.48/webapps/jenkins/WEB-INF/lib/instance-identity-2.2.jar
64771000-64772000 r--s 00003000 fc:01 3146800    /opt/jenkins/apache-tomcat-9.0.48/webapps/jenkins/WEB-INF/lib/constant-pool-scanner-1.2.jar
64772000-64773000 r--s 00004000 fc:01 3146795    /opt/jenkins/apache-tomcat-9.0.48/webapps/jenkins/WEB-INF/lib/ant-launcher-1.10.9.jar
64773000-64778000 r--s 00058000 fc:01 3146813    /opt/jenkins/apache-tomcat-9.0.48/webapps/jenkins/WEB-INF/lib/asm5-5.0.1.jar
64778000-6477b000 r--s 0001a000 fc:01 3146740    /opt/jenkins/apache-tomcat-9.0.48/webapps/jenkins/WEB-INF/lib/j-interopdeps-2.0.6-kohsuke-1.jar
6477b000-6478c000 r--s 00097000 fc:01 3146790    /opt/jenkins/apache-tomcat-9.0.48/webapps/jenkins/WEB-INF/lib/jnr-ffi-2.1.8.jar
6478c000-6478f000 r--s 00013000 fc:01 3146757    /opt/jenkins/apache-tomcat-9.0.48/webapps/jenkins/WEB-INF/lib/stapler-jelly-1.261.jar
6478f000-64791000 r--s 00001000 fc:01 3146775    /opt/jenkins/apache-tomcat-9.0.48/webapps/jenkins/WEB-INF/lib/slf4j-jdk14-1.7.30.jar
64791000-64797000 r--s 0003e000 fc:01 3146819    /opt/jenkins/apache-tomcat-9.0.48/webapps/jenkins/WEB-INF/lib/stapler-adjunct-codemirror-1.3.jar
64797000-6479d000 r--s 0002b000 fc:01 3146816    /opt/jenkins/apache-tomcat-9.0.48/webapps/jenkins/WEB-INF/lib/commons-digester-2.1.jar
6479d000-647a3000 r--s 00040000 fc:01 3146791    /opt/jenkins/apache-tomcat-9.0.48/webapps/jenkins/WEB-INF/lib/spring-core-2.5.6.SEC03.jar
647a3000-647a6000 r--s 00033000 fc:01 3146785    /opt/jenkins/apache-tomcat-9.0.48/webapps/jenkins/WEB-INF/lib/jnr-x86asm-1.0.2.jar
647a6000-647b0000 r--s 0006e000 fc:01 3146750    /opt/jenkins/apache-tomcat-9.0.48/webapps/jenkins/WEB-INF/lib/spring-beans-2.5.6.SEC03.jar
647b0000-647b5000 r--s 0004b000 fc:01 3146799    /opt/jenkins/apache-tomcat-9.0.48/webapps/jenkins/WEB-INF/lib/dom4j-2.1.3.jar
647b5000-647bb000 r--s 00040000 fc:01 3146825    /opt/jenkins/apache-tomcat-9.0.48/webapps/jenkins/WEB-INF/lib/commons-io-2.8.0.jar
647bb000-647bd000 r--s 000a1000 fc:01 3146751    /opt/jenkins/apache-tomcat-9.0.48/webapps/jenkins/WEB-INF/lib/jffi-1.2.16-native.jar
647bd000-647c3000 r--s 00035000 fc:01 3146803    /opt/jenkins/apache-tomcat-9.0.48/webapps/jenkins/WEB-INF/lib/jaxen-1.1-beta-11.jar
647c3000-647c5000 r--s 00010000 fc:01 3146809    /opt/jenkins/apache-tomcat-9.0.48/webapps/jenkins/WEB-INF/lib/jzlib-1.1.3-kohsuke-1.jar
647c5000-647cb000 r--s 00059000 fc:01 3146714    /opt/jenkins/apache-tomcat-9.0.48/webapps/jenkins/WEB-INF/lib/j-interop-2.0.6-kohsuke-1.jar
647cb000-647cc000 r--s 00006000 fc:01 3146725    /opt/jenkins/apache-tomcat-9.0.48/webapps/jenkins/WEB-INF/lib/sezpoz-1.13.jar
647cc000-647cd000 r--s 00001000 fc:01 3146752    /opt/jenkins/apache-tomcat-9.0.48/webapps/jenkins/WEB-INF/lib/stapler-jrebel-1.261.jar
647cd000-647ce000 r--s 00001000 fc:01 3146786    /opt/jenkins/apache-tomcat-9.0.48/webapps/jenkins/WEB-INF/lib/embedded_su4j-1.1.jar
647ce000-647db000 r--s 00079000 fc:01 3146821    /opt/jenkins/apache-tomcat-9.0.48/webapps/jenkins/WEB-INF/lib/acegi-security-1.0.7.jar
647db000-647de000 r--s 0000e000 fc:01 3146703    /opt/jenkins/apache-tomcat-9.0.48/webapps/jenkins/WEB-INF/lib/libzfs-0.8.jar
647de000-647e0000 r--s 00006000 fc:01 3146810    /opt/jenkins/apache-tomcat-9.0.48/webapps/jenkins/WEB-INF/lib/asm-tree-5.0.3.jar
647e0000-647e4000 r--s 00031000 fc:01 3146815    /opt/jenkins/apache-tomcat-9.0.48/webapps/jenkins/WEB-INF/lib/jline-2.12.jar
647e4000-647f2000 r--s 00075000 fc:01 3146777    /opt/jenkins/apache-tomcat-9.0.48/webapps/jenkins/WEB-INF/lib/xstream-1.4.7-jenkins-1.jar
647f2000-647f4000 r--s 00004000 fc:01 3146818    /opt/jenkins/apache-tomcat-9.0.48/webapps/jenkins/WEB-INF/lib/launchd-slave-installer-1.2.jar
647f4000-647f6000 r--s 00004000 fc:01 3146754    /opt/jenkins/apache-tomcat-9.0.48/webapps/jenkins/WEB-INF/lib/task-reactor-1.5.jar
647f6000-647ff000 r--s 00065000 fc:01 3146823    /opt/jenkins/apache-tomcat-9.0.48/webapps/jenkins/WEB-INF/lib/stapler-1.261.jar
647ff000-64801000 r--s 00004000 fc:01 3146741    /opt/jenkins/apache-tomcat-9.0.48/webapps/jenkins/WEB-INF/lib/log4j-over-slf4j-1.7.30.jar
64801000-64803000 r--s 00003000 fc:01 3146745    /opt/jenkins/apache-tomcat-9.0.48/webapps/jenkins/WEB-INF/lib/memory-monitor-1.9.jar
64803000-64807000 r--s 00029000 fc:01 3146765    /opt/jenkins/apache-tomcat-9.0.48/webapps/jenkins/WEB-INF/lib/stapler-adjunct-timeline-1.5.jar
64807000-6480c000 r--s 0002b000 fc:01 3146780    /opt/jenkins/apache-tomcat-9.0.48/webapps/jenkins/WEB-INF/lib/spring-web-2.5.6.SEC03.jar
6480c000-6480f000 r--s 0001b000 fc:01 3146827    /opt/jenkins/apache-tomcat-9.0.48/webapps/jenkins/WEB-INF/lib/xpp3-1.1.4c.jar
6480f000-64811000 r--s 0000f000 fc:01 3146824    /opt/jenkins/apache-tomcat-9.0.48/webapps/jenkins/WEB-INF/lib/commons-fileupload-1.3.1-jenkins-2.jar
64811000-64812000 r--s 00004000 fc:01 3146721    /opt/jenkins/apache-tomcat-9.0.48/webapps/jenkins/WEB-INF/lib/relaxngDatatype-20020414.jar
64812000-64813000 r--s 00007000 fc:01 3146746    /opt/jenkins/apache-tomcat-9.0.48/webapps/jenkins/WEB-INF/lib/stapler-groovy-1.261.jar
64813000-64827000 r--s 000ae000 fc:01 3146763    /opt/jenkins/apache-tomcat-9.0.48/webapps/jenkins/WEB-INF/lib/self-signed-cert-generator-1.0.0.jar
64827000-64829000 r--s 00005000 fc:01 3146783    /opt/jenkins/apache-tomcat-9.0.48/webapps/jenkins/WEB-INF/lib/javax.annotation-api-1.2.jar
64829000-64830000 r--s 0004e000 fc:01 3146776    /opt/jenkins/apache-tomcat-9.0.48/webapps/jenkins/WEB-INF/lib/commons-codec-1.14.jar
64830000-6484c000 r--s 0018e000 fc:01 3146724    /opt/jenkins/apache-tomcat-9.0.48/webapps/jenkins/WEB-INF/lib/sshd-core-1.7.0.jar
6484c000-648bc000 r--s 00646000 fc:01 3146774    /opt/jenkins/apache-tomcat-9.0.48/webapps/jenkins/WEB-INF/lib/groovy-all-2.4.12.jar
648bc000-648bd000 r--s 0000a000 fc:01 3146713    /opt/jenkins/apache-tomcat-9.0.48/webapps/jenkins/WEB-INF/lib/jakarta.servlet.jsp.jstl-api-1.2.7.jar
648bd000-648be000 r--s 00002000 fc:01 3146779    /opt/jenkins/apache-tomcat-9.0.48/webapps/jenkins/WEB-INF/lib/systemd-slave-installer-1.1.jar
648be000-648c1000 r--s 0001c000 fc:01 3146743    /opt/jenkins/apache-tomcat-9.0.48/webapps/jenkins/WEB-INF/lib/jtidy-4aug2000r7-dev-hudson-1.jar
648c1000-648c3000 r--s 0000f000 fc:01 3146736    /opt/jenkins/apache-tomcat-9.0.48/webapps/jenkins/WEB-INF/lib/handlebars-1.1.1-core-assets.jar
648c3000-648c7000 r--s 00014000 fc:01 3146773    /opt/jenkins/apache-tomcat-9.0.48/webapps/jenkins/WEB-INF/lib/spring-dao-1.2.9.jar
648c7000-648c9000 r--s 00003000 fc:01 3146759    /opt/jenkins/apache-tomcat-9.0.48/webapps/jenkins/WEB-INF/lib/icon-set-1.0.5.jar
648c9000-648ca000 r--s 0000c000 fc:01 3146798    /opt/jenkins/apache-tomcat-9.0.48/webapps/jenkins/WEB-INF/lib/asm-5.0.3.jar
648ca000-648d7000 r--s 00083000 fc:01 3146732    /opt/jenkins/apache-tomcat-9.0.48/webapps/jenkins/WEB-INF/lib/commons-collections-3.2.2.jar
648d7000-648f4000 r--s 00157000 fc:01 3146802    /opt/jenkins/apache-tomcat-9.0.48/webapps/jenkins/WEB-INF/lib/remoting-4.5.jar
648f4000-648f5000 r--s 00004000 fc:01 3146828    /opt/jenkins/apache-tomcat-9.0.48/webapps/jenkins/WEB-INF/lib/asm-analysis-5.0.3.jar
648f5000-648f9000 r--s 0001f000 fc:01 3146737    /opt/jenkins/apache-tomcat-9.0.48/webapps/jenkins/WEB-INF/lib/commons-jexl-1.1-jenkins-20111212.jar
648f9000-648fb000 r--s 00004000 fc:01 3146767    /opt/jenkins/apache-tomcat-9.0.48/webapps/jenkins/WEB-INF/lib/libpam4j-1.11.jar
648fb000-648fc000 r--s 0000a000 fc:01 3146712    /opt/jenkins/apache-tomcat-9.0.48/webapps/jenkins/WEB-INF/lib/asm-util-5.0.3.jar
648fc000-648fe000 r--s 00002000 fc:01 3146764    /opt/jenkins/apache-tomcat-9.0.48/webapps/jenkins/WEB-INF/lib/ssh-cli-auth-1.8.jar
648fe000-64900000 r--s 00002000 fc:01 3146804    /opt/jenkins/apache-tomcat-9.0.48/webapps/jenkins/WEB-INF/lib/version-number-1.7.jar
64900000-64a00000 rw-p 00000000 00:00 0 
64a00000-64b00000 rw-p 00000000 00:00 0 
64b00000-64c00000 rw-p 00000000 00:00 0 
64c00000-64cf9000 rw-p 00000000 00:00 0 
64cf9000-64d00000 ---p 00000000 00:00 0 
64d00000-64d0e000 r--s 00096000 fc:01 3146794    /opt/jenkins/apache-tomcat-9.0.48/webapps/jenkins/WEB-INF/lib/guice-4.0.jar
64d0e000-64d1a000 r--s 00069000 fc:01 3146710    /opt/jenkins/apache-tomcat-9.0.48/webapps/jenkins/WEB-INF/lib/spring-context-2.5.6.SEC03.jar
64d1a000-64d1c000 r--s 00000000 fc:01 3146781    /opt/jenkins/apache-tomcat-9.0.48/webapps/jenkins/WEB-INF/lib/jenkins-stapler-support-1.1.jar
64d1c000-64d1e000 r--s 00009000 fc:01 3146772    /opt/jenkins/apache-tomcat-9.0.48/webapps/jenkins/WEB-INF/lib/asm-commons-5.0.3.jar
64d1e000-64d21000 r--s 00022000 fc:01 3146755    /opt/jenkins/apache-tomcat-9.0.48/webapps/jenkins/WEB-INF/lib/jffi-1.2.17.jar
64d21000-64d23000 r--s 0000e000 fc:01 3146709    /opt/jenkins/apache-tomcat-9.0.48/webapps/jenkins/WEB-INF/lib/oro-2.0.8.jar
64d23000-64d2c000 r--s 0005a000 fc:01 3146717    /opt/jenkins/apache-tomcat-9.0.48/webapps/jenkins/WEB-INF/lib/spring-webmvc-2.5.6.SEC03.jar
64d2c000-64d3d000 r--s 0016e000 fc:01 3146792    /opt/jenkins/apache-tomcat-9.0.48/webapps/jenkins/WEB-INF/lib/jfreechart-1.0.19.jar
64d3d000-64d59000 r-xp 00000000 fc:01 10092573   /lib/i386-linux-gnu/libgcc_s.so.1
64d59000-64d5a000 rw-p 0001b000 fc:01 10092573   /lib/i386-linux-gnu/libgcc_s.so.1
64d5a000-64d5b000 r--s 00006000 fc:01 3146801    /opt/jenkins/apache-tomcat-9.0.48/webapps/jenkins/WEB-INF/lib/slave-installer-1.7.jar
64d5b000-64d5d000 r--s 00001000 fc:01 3146808    /opt/jenkins/apache-tomcat-9.0.48/webapps/jenkins/WEB-INF/lib/localizer-1.26.jar
64d5d000-64d5e000 r--s 00002000 fc:01 3146789    /opt/jenkins/apache-tomcat-9.0.48/webapps/jenkins/WEB-INF/lib/upstart-slave-installer-1.1.jar
64d5e000-64d60000 r--s 00006000 fc:01 3146793    /opt/jenkins/apache-tomcat-9.0.48/webapps/jenkins/WEB-INF/lib/sshd-2.7.jar
64d60000-64d64000 r--s 00026000 fc:01 3146739    /opt/jenkins/apache-tomcat-9.0.48/webapps/jenkins/WEB-INF/lib/commons-jelly-1.1-jenkins-20120928.jar
64d64000-64d66000 r--s 00001000 fc:01 3146778    /opt/jenkins/apache-tomcat-9.0.48/webapps/jenkins/WEB-INF/lib/crypto-util-1.5.jar
64d66000-64d68000 r--s 00008000 fc:01 3146826    /opt/jenkins/apache-tomcat-9.0.48/webapps/jenkins/WEB-INF/lib/commons-jelly-tags-xml-1.1.jar
64d68000-64d6a000 r--s 00004000 fc:01 3146811    /opt/jenkins/apache-tomcat-9.0.48/webapps/jenkins/WEB-INF/lib/commons-jelly-tags-define-1.0.1-hudson-20071021.jar
64d6a000-64d6c000 r--s 00005000 fc:01 3146784    /opt/jenkins/apache-tomcat-9.0.48/webapps/jenkins/WEB-INF/lib/stax-api-1.0.1.jar
64d6c000-64d6e000 r--s 00003000 fc:01 3146747    /opt/jenkins/apache-tomcat-9.0.48/webapps/jenkins/WEB-INF/lib/jcl-over-slf4j-1.7.30.jar
64d6e000-64dab000 r-xp 00000000 fc:01 6687582    /usr/lib/jvm/java-8-openjdk-i386/jre/lib/i386/libsunec.so
64dab000-64dae000 r--p 0003c000 fc:01 6687582    /usr/lib/jvm/java-8-openjdk-i386/jre/lib/i386/libsunec.so
64dae000-64daf000 rw-p 0003f000 fc:01 6687582    /usr/lib/jvm/java-8-openjdk-i386/jre/lib/i386/libsunec.so
64daf000-64db2000 ---p 00000000 00:00 0 
64db2000-64e00000 rw-p 00000000 00:00 0          [stack:11755]
64e00000-64f00000 rw-p 00000000 00:00 0 
64f00000-65000000 rw-p 00000000 00:00 0 
65000000-65100000 rw-p 00000000 00:00 0 
65100000-651fd000 rw-p 00000000 00:00 0 
651fd000-65200000 ---p 00000000 00:00 0 
65200000-65300000 rw-p 00000000 00:00 0 
65300000-653eb000 rw-p 00000000 00:00 0 
653eb000-65400000 ---p 00000000 00:00 0 
65400000-65500000 rw-p 00000000 00:00 0 
65500000-655fb000 rw-p 00000000 00:00 0 
655fb000-65600000 ---p 00000000 00:00 0 
65600000-65601000 r--s 00000000 fc:01 3146768    /opt/jenkins/apache-tomcat-9.0.48/webapps/jenkins/WEB-INF/lib/bridge-method-annotation-1.13.jar
65601000-65606000 r--s 00029000 fc:01 3146707    /opt/jenkins/apache-tomcat-9.0.48/webapps/jenkins/WEB-INF/lib/spring-jdbc-1.2.9.jar
65606000-65608000 r--s 00016000 fc:01 6565459    /usr/lib/jvm/java-8-openjdk-i386/jre/lib/jce.jar
65608000-65619000 r--s 001bf000 fc:01 6565469    /usr/lib/jvm/java-8-openjdk-i386/jre/lib/jsse.jar
65619000-65622000 r-xp 00000000 fc:01 6687566    /usr/lib/jvm/java-8-openjdk-i386/jre/lib/i386/libmanagement.so
65622000-65623000 r--p 00008000 fc:01 6687566    /usr/lib/jvm/java-8-openjdk-i386/jre/lib/i386/libmanagement.so
65623000-65624000 rw-p 00009000 fc:01 6687566    /usr/lib/jvm/java-8-openjdk-i386/jre/lib/i386/libmanagement.so
65624000-65626000 r--s 00002000 fc:01 3145920    /opt/jenkins/apache-tomcat-9.0.48/lib/annotations-api.jar
65626000-65627000 r--s 00002000 fc:01 3145934    /opt/jenkins/apache-tomcat-9.0.48/lib/tomcat-api.jar
65627000-6562e000 r--s 00085000 fc:01 3145930    /opt/jenkins/apache-tomcat-9.0.48/lib/jasper.jar
6562e000-65632000 r--s 00025000 fc:01 3145940    /opt/jenkins/apache-tomcat-9.0.48/lib/tomcat-i18n-fr.jar
65632000-65635000 r--s 0000a000 fc:01 3145943    /opt/jenkins/apache-tomcat-9.0.48/lib/tomcat-i18n-pt-BR.jar
65635000-65642000 r--s 000d3000 fc:01 3145935    /opt/jenkins/apache-tomcat-9.0.48/lib/tomcat-coyote.jar
65642000-65645000 r--s 0000d000 fc:01 3145932    /opt/jenkins/apache-tomcat-9.0.48/lib/jsp-api.jar
65645000-65649000 r--s 00042000 fc:01 3145933    /opt/jenkins/apache-tomcat-9.0.48/lib/servlet-api.jar
65649000-6564b000 r--s 0000e000 fc:01 3145923    /opt/jenkins/apache-tomcat-9.0.48/lib/catalina-ssi.jar
6564b000-65651000 r--s 0004d000 fc:01 3145925    /opt/jenkins/apache-tomcat-9.0.48/lib/catalina-tribes.jar
65651000-65654000 r--s 00027000 fc:01 3145929    /opt/jenkins/apache-tomcat-9.0.48/lib/jasper-el.jar
65654000-6565a000 r--s 0004a000 fc:01 3145936    /opt/jenkins/apache-tomcat-9.0.48/lib/tomcat-dbcp.jar
6565a000-6565f000 r--s 00037000 fc:01 3145950    /opt/jenkins/apache-tomcat-9.0.48/lib/tomcat-websocket.jar
6565f000-65664000 r--s 0002a000 fc:01 3145941    /opt/jenkins/apache-tomcat-9.0.48/lib/tomcat-i18n-ja.jar
65664000-65678000 r--s 0018f000 fc:01 3145926    /opt/jenkins/apache-tomcat-9.0.48/lib/catalina.jar
65678000-6567a000 r--s 00014000 fc:01 3145928    /opt/jenkins/apache-tomcat-9.0.48/lib/el-api.jar
6567a000-65693000 r--s 002e2000 fc:01 3145927    /opt/jenkins/apache-tomcat-9.0.48/lib/ecj-4.18.jar
65693000-65696000 r--s 00022000 fc:01 3145946    /opt/jenkins/apache-tomcat-9.0.48/lib/tomcat-jdbc.jar
65696000-6569a000 r--s 00016000 fc:01 3145939    /opt/jenkins/apache-tomcat-9.0.48/lib/tomcat-i18n-es.jar
6569a000-6569c000 r--s 00012000 fc:01 3145924    /opt/jenkins/apache-tomcat-9.0.48/lib/catalina-storeconfig.jar
6569c000-6569e000 r--s 00008000 fc:01 3145951    /opt/jenkins/apache-tomcat-9.0.48/lib/websocket-api.jar
6569e000-656a2000 r--s 0002d000 fc:01 3145949    /opt/jenkins/apache-tomcat-9.0.48/lib/tomcat-util.jar
656a2000-656a6000 r--s 00033000 fc:01 3145948    /opt/jenkins/apache-tomcat-9.0.48/lib/tomcat-util-scan.jar
656a6000-656a9000 r--s 0001c000 fc:01 3145922    /opt/jenkins/apache-tomcat-9.0.48/lib/catalina-ha.jar
656a9000-656ac000 r--s 0000e000 fc:01 3145937    /opt/jenkins/apache-tomcat-9.0.48/lib/tomcat-i18n-cs.jar
656ac000-656af000 r--s 00009000 fc:01 3145944    /opt/jenkins/apache-tomcat-9.0.48/lib/tomcat-i18n-ru.jar
656af000-656b2000 ---p 00000000 00:00 0 
656b2000-65700000 rw-p 00000000 00:00 0          [stack:11754]
65700000-657fa000 rw-p 00000000 00:00 0 
657fa000-65800000 ---p 00000000 00:00 0 
65800000-65801000 r--s 00008000 fc:01 3145947    /opt/jenkins/apache-tomcat-9.0.48/lib/tomcat-jni.jar
65801000-65803000 r--s 0000c000 fc:01 3145921    /opt/jenkins/apache-tomcat-9.0.48/lib/catalina-ant.jar
65803000-65808000 r--s 00026000 fc:01 3145945    /opt/jenkins/apache-tomcat-9.0.48/lib/tomcat-i18n-zh-CN.jar
65808000-6580b000 ---p 00000000 00:00 0 
6580b000-65859000 rw-p 00000000 00:00 0          [stack:11752]
65859000-65870000 r-xp 00000000 fc:01 6687574    /usr/lib/jvm/java-8-openjdk-i386/jre/lib/i386/libnet.so
65870000-65871000 r--p 00017000 fc:01 6687574    /usr/lib/jvm/java-8-openjdk-i386/jre/lib/i386/libnet.so
65871000-65872000 rw-p 00018000 fc:01 6687574    /usr/lib/jvm/java-8-openjdk-i386/jre/lib/i386/libnet.so
65872000-65883000 r-xp 00000000 fc:01 6687570    /usr/lib/jvm/java-8-openjdk-i386/jre/lib/i386/libnio.so
65883000-65884000 r--p 00010000 fc:01 6687570    /usr/lib/jvm/java-8-openjdk-i386/jre/lib/i386/libnio.so
65884000-65885000 rw-p 00011000 fc:01 6687570    /usr/lib/jvm/java-8-openjdk-i386/jre/lib/i386/libnio.so
65885000-658a0000 r--s 001d6000 fc:01 6687556    /usr/lib/jvm/java-8-openjdk-i386/jre/lib/ext/nashorn.jar
658a0000-658bb000 r--s 00394000 fc:01 6687554    /usr/lib/jvm/java-8-openjdk-i386/jre/lib/ext/cldrdata.jar
658bb000-658bc000 ---p 00000000 00:00 0 
658bc000-6593c000 rw-p 00000000 00:00 0          [stack:11751]
6593c000-6593f000 ---p 00000000 00:00 0 
6593f000-6598d000 rw-p 00000000 00:00 0          [stack:11750]
6598d000-65990000 ---p 00000000 00:00 0 
65990000-65a0e000 rw-p 00000000 00:00 0          [stack:11749]
65a0e000-65a11000 ---p 00000000 00:00 0 
65a11000-65a8f000 rw-p 00000000 00:00 0          [stack:11748]
65a8f000-65a92000 ---p 00000000 00:00 0 
65a92000-65ae0000 rw-p 00000000 00:00 0          [stack:11747]
65ae0000-65ce0000 r--p 00000000 fc:01 6561957    /usr/lib/locale/locale-archive
65ce0000-65ce3000 ---p 00000000 00:00 0 
65ce3000-65d31000 rw-p 00000000 00:00 0          [stack:11746]
65d31000-65d34000 ---p 00000000 00:00 0 
65d34000-65d82000 rw-p 00000000 00:00 0          [stack:11745]
65d82000-65d83000 ---p 00000000 00:00 0 
65d83000-65e03000 rw-p 00000000 00:00 0          [stack:11744]
65e03000-65fd4000 r--s 03ca5000 fc:01 6565474    /usr/lib/jvm/java-8-openjdk-i386/jre/lib/rt.jar
65fd4000-6641a000 rw-p 00000000 00:00 0 
6641a000-66420000 ---p 00000000 00:00 0 
66420000-68700000 rw-p 00000000 00:00 0 
68700000-687ff000 rw-p 00000000 00:00 0 
687ff000-68800000 ---p 00000000 00:00 0 
68800000-68900000 rw-p 00000000 00:00 0 
68900000-68921000 rw-p 00000000 00:00 0 
68921000-68a00000 ---p 00000000 00:00 0 
68a00000-68a04000 r--s 0000f000 fc:01 3145938    /opt/jenkins/apache-tomcat-9.0.48/lib/tomcat-i18n-de.jar
68a04000-68a06000 r--s 00005000 fc:01 3145931    /opt/jenkins/apache-tomcat-9.0.48/lib/jaspic-api.jar
68a06000-68a0b000 r--s 0002a000 fc:01 3145942    /opt/jenkins/apache-tomcat-9.0.48/lib/tomcat-i18n-ko.jar
68a0b000-68a0d000 r--s 0000a000 fc:01 3145916    /opt/jenkins/apache-tomcat-9.0.48/bin/tomcat-juli.jar
68a0d000-68a0f000 r--s 00005000 fc:01 3145876    /opt/jenkins/apache-tomcat-9.0.48/bin/commons-daemon.jar
68a0f000-68a11000 r--s 00007000 fc:01 3145871    /opt/jenkins/apache-tomcat-9.0.48/bin/bootstrap.jar
68a11000-68a15000 r--s 00040000 fc:01 6687559    /usr/lib/jvm/java-8-openjdk-i386/jre/lib/ext/sunpkcs11.jar
68a15000-68a1b000 r--s 0003d000 fc:01 6687562    /usr/lib/jvm/java-8-openjdk-i386/jre/lib/ext/sunjce_provider.jar
68a1b000-68ae7000 rw-p 00000000 00:00 0 
68ae7000-68c0f000 ---p 00000000 00:00 0 
68c0f000-68c32000 rw-p 00000000 00:00 0 
68c32000-68d59000 ---p 00000000 00:00 0 
68d59000-68dff000 rw-p 00000000 00:00 0 
68dff000-6d380000 rw-p 00000000 00:00 0 
6d380000-92380000 ---p 00000000 00:00 0 
92380000-a6e00000 rw-p 00000000 00:00 0 
a6e00000-a6e02000 r--s 00001000 fc:01 6687561    /usr/lib/jvm/java-8-openjdk-i386/jre/lib/ext/dnsns.jar
a6e02000-a6e03000 r--s 0000a000 fc:01 6687557    /usr/lib/jvm/java-8-openjdk-i386/jre/lib/ext/jaccess.jar
a6e03000-a6e0e000 r--s 00116000 fc:01 6687558    /usr/lib/jvm/java-8-openjdk-i386/jre/lib/ext/localedata.jar
a6e0e000-a6e26000 rw-p 00000000 00:00 0 
a6e26000-a6e27000 ---p 00000000 00:00 0 
a6e27000-a6ea7000 rw-p 00000000 00:00 0          [stack:11743]
a6ea7000-a6ea8000 ---p 00000000 00:00 0 
a6ea8000-a6f42000 rw-p 00000000 00:00 0          [stack:11742]
a6f42000-a72e8000 ---p 00000000 00:00 0 
a72e8000-a7968000 rwxp 00000000 00:00 0 
a7968000-b62e8000 ---p 00000000 00:00 0 
b62e8000-b62f2000 r-xp 00000000 fc:01 10097037   /lib/i386-linux-gnu/libnss_files-2.19.so
b62f2000-b62f3000 r--p 00009000 fc:01 10097037   /lib/i386-linux-gnu/libnss_files-2.19.so
b62f3000-b62f4000 rw-p 0000a000 fc:01 10097037   /lib/i386-linux-gnu/libnss_files-2.19.so
b62f4000-b62fe000 r-xp 00000000 fc:01 10097025   /lib/i386-linux-gnu/libnss_nis-2.19.so
b62fe000-b62ff000 r--p 00009000 fc:01 10097025   /lib/i386-linux-gnu/libnss_nis-2.19.so
b62ff000-b6300000 rw-p 0000a000 fc:01 10097025   /lib/i386-linux-gnu/libnss_nis-2.19.so
b6300000-b63fa000 rw-p 00000000 00:00 0 
b63fa000-b6400000 ---p 00000000 00:00 0 
b6400000-b6402000 r--s 00010000 fc:01 6687555    /usr/lib/jvm/java-8-openjdk-i386/jre/lib/ext/zipfs.jar
b6402000-b6405000 r--s 0000f000 fc:01 6687560    /usr/lib/jvm/java-8-openjdk-i386/jre/lib/ext/icedtea-sound.jar
b6405000-b640b000 r--s 000d3000 fc:01 6565482    /usr/lib/jvm/java-8-openjdk-i386/jre/lib/jfr.jar
b640b000-b6420000 r-xp 00000000 fc:01 10097041   /lib/i386-linux-gnu/libnsl-2.19.so
b6420000-b6421000 r--p 00015000 fc:01 10097041   /lib/i386-linux-gnu/libnsl-2.19.so
b6421000-b6422000 rw-p 00016000 fc:01 10097041   /lib/i386-linux-gnu/libnsl-2.19.so
b6422000-b6424000 rw-p 00000000 00:00 0 
b6424000-b642b000 r-xp 00000000 fc:01 10097040   /lib/i386-linux-gnu/libnss_compat-2.19.so
b642b000-b642c000 r--p 00006000 fc:01 10097040   /lib/i386-linux-gnu/libnss_compat-2.19.so
b642c000-b642d000 rw-p 00007000 fc:01 10097040   /lib/i386-linux-gnu/libnss_compat-2.19.so
b642d000-b642f000 r--s 00006000 fc:01 6952922    /usr/share/java/java-atk-wrapper.jar
b642f000-b6437000 r-xp 00000000 fc:01 6687573    /usr/lib/jvm/java-8-openjdk-i386/jre/lib/i386/libzip.so
b6437000-b6438000 r--p 00007000 fc:01 6687573    /usr/lib/jvm/java-8-openjdk-i386/jre/lib/i386/libzip.so
b6438000-b6439000 rw-p 00008000 fc:01 6687573    /usr/lib/jvm/java-8-openjdk-i386/jre/lib/i386/libzip.so
b6439000-b6441000 rw-s 00000000 fc:01 1611473    /tmp/hsperfdata_haithem/11736
b6441000-b6466000 r-xp 00000000 fc:01 6687580    /usr/lib/jvm/java-8-openjdk-i386/jre/lib/i386/libjava.so
b6466000-b6467000 r--p 00024000 fc:01 6687580    /usr/lib/jvm/java-8-openjdk-i386/jre/lib/i386/libjava.so
b6467000-b6468000 rw-p 00025000 fc:01 6687580    /usr/lib/jvm/java-8-openjdk-i386/jre/lib/i386/libjava.so
b6468000-b646f000 r-xp 00000000 fc:01 10097038   /lib/i386-linux-gnu/librt-2.19.so
b646f000-b6470000 r--p 00006000 fc:01 10097038   /lib/i386-linux-gnu/librt-2.19.so
b6470000-b6471000 rw-p 00007000 fc:01 10097038   /lib/i386-linux-gnu/librt-2.19.so
b6471000-b6474000 ---p 00000000 00:00 0 
b6474000-b64c2000 rw-p 00000000 00:00 0          [stack:11741]
b64c2000-b6506000 r-xp 00000000 fc:01 10097023   /lib/i386-linux-gnu/libm-2.19.so
b6506000-b6507000 r--p 00043000 fc:01 10097023   /lib/i386-linux-gnu/libm-2.19.so
b6507000-b6508000 rw-p 00044000 fc:01 10097023   /lib/i386-linux-gnu/libm-2.19.so
b6508000-b708a000 r-xp 00000000 fc:01 6687597    /usr/lib/jvm/java-8-openjdk-i386/jre/lib/i386/server/libjvm.so
b708a000-b70d2000 r--p 00b81000 fc:01 6687597    /usr/lib/jvm/java-8-openjdk-i386/jre/lib/i386/server/libjvm.so
b70d2000-b70e9000 rw-p 00bc9000 fc:01 6687597    /usr/lib/jvm/java-8-openjdk-i386/jre/lib/i386/server/libjvm.so
b70e9000-b750c000 rw-p 00000000 00:00 0 
b750c000-b7524000 r-xp 00000000 fc:01 10097020   /lib/i386-linux-gnu/libpthread-2.19.so
b7524000-b7525000 r--p 00018000 fc:01 10097020   /lib/i386-linux-gnu/libpthread-2.19.so
b7525000-b7526000 rw-p 00019000 fc:01 10097020   /lib/i386-linux-gnu/libpthread-2.19.so
b7526000-b7528000 rw-p 00000000 00:00 0 
b7528000-b752b000 r-xp 00000000 fc:01 10097027   /lib/i386-linux-gnu/libdl-2.19.so
b752b000-b752c000 r--p 00002000 fc:01 10097027   /lib/i386-linux-gnu/libdl-2.19.so
b752c000-b752d000 rw-p 00003000 fc:01 10097027   /lib/i386-linux-gnu/libdl-2.19.so
b752d000-b752e000 rw-p 00000000 00:00 0 
b752e000-b7546000 r-xp 00000000 fc:01 10093608   /lib/i386-linux-gnu/libz.so.1.2.8
b7546000-b7547000 r--p 00017000 fc:01 10093608   /lib/i386-linux-gnu/libz.so.1.2.8
b7547000-b7548000 rw-p 00018000 fc:01 10093608   /lib/i386-linux-gnu/libz.so.1.2.8
b7548000-b76f3000 r-xp 00000000 fc:01 10097036   /lib/i386-linux-gnu/libc-2.19.so
b76f3000-b76f5000 r--p 001aa000 fc:01 10097036   /lib/i386-linux-gnu/libc-2.19.so
b76f5000-b76f6000 rw-p 001ac000 fc:01 10097036   /lib/i386-linux-gnu/libc-2.19.so
b76f6000-b76f9000 rw-p 00000000 00:00 0 
b76f9000-b76fb000 r--s 00008000 fc:01 6687553    /usr/lib/jvm/java-8-openjdk-i386/jre/lib/ext/sunec.jar
b76fb000-b76fc000 r--p 00859000 fc:01 6561957    /usr/lib/locale/locale-archive
b76fc000-b76fd000 rw-p 00000000 00:00 0 
b76fd000-b76fe000 r--p 00000000 00:00 0 
b76fe000-b770b000 r-xp 00000000 fc:01 6687578    /usr/lib/jvm/java-8-openjdk-i386/jre/lib/i386/libverify.so
b770b000-b770c000 r--p 0000c000 fc:01 6687578    /usr/lib/jvm/java-8-openjdk-i386/jre/lib/i386/libverify.so
b770c000-b770d000 rw-p 0000d000 fc:01 6687578    /usr/lib/jvm/java-8-openjdk-i386/jre/lib/i386/libverify.so
b770d000-b771a000 r-xp 00000000 fc:01 6687586    /usr/lib/jvm/java-8-openjdk-i386/jre/lib/i386/jli/libjli.so
b771a000-b771b000 r--p 0000c000 fc:01 6687586    /usr/lib/jvm/java-8-openjdk-i386/jre/lib/i386/jli/libjli.so
b771b000-b771c000 rw-p 0000d000 fc:01 6687586    /usr/lib/jvm/java-8-openjdk-i386/jre/lib/i386/jli/libjli.so
b771c000-b771d000 rw-p 00000000 00:00 0 
b771d000-b771e000 r-xp 00000000 00:00 0          [vdso]
b771e000-b773e000 r-xp 00000000 fc:01 10097033   /lib/i386-linux-gnu/ld-2.19.so
b773e000-b773f000 r--p 0001f000 fc:01 10097033   /lib/i386-linux-gnu/ld-2.19.so
b773f000-b7740000 rw-p 00020000 fc:01 10097033   /lib/i386-linux-gnu/ld-2.19.so
bff8e000-bff8f000 rwxp 00000000 00:00 0 
bffc0000-bffe2000 rw-p 00000000 00:00 0          [stack]

VM Arguments:
jvm_args: -Djava.util.logging.config.file=/opt/jenkins/apache-tomcat-9.0.48/conf/logging.properties -Djava.util.logging.manager=org.apache.juli.ClassLoaderLogManager -Djdk.tls.ephemeralDHKeySize=2048 -Djava.protocol.handler.pkgs=org.apache.catalina.webresources -Dorg.apache.catalina.security.SecurityListener.UMASK=0027 -Dignore.endorsed.dirs= -Dcatalina.base=/opt/jenkins/apache-tomcat-9.0.48 -Dcatalina.home=/opt/jenkins/apache-tomcat-9.0.48 -Djava.io.tmpdir=/opt/jenkins/apache-tomcat-9.0.48/temp 
java_command: org.apache.catalina.startup.Bootstrap start
java_class_path (initial): /opt/jenkins/apache-tomcat-9.0.48/bin/bootstrap.jar:/opt/jenkins/apache-tomcat-9.0.48/bin/tomcat-juli.jar
Launcher Type: SUN_STANDARD

Environment Variables:
PATH=/usr/local/sbin:/usr/local/bin:/usr/sbin:/usr/bin:/sbin:/bin:/usr/games:/usr/local/games
SHELL=/bin/bash
DISPLAY=:0

Signal Handlers:
SIGSEGV: [libjvm.so+0x9600f0], sa_mask[0]=11111111011111111101111111111110, sa_flags=SA_RESTART|SA_SIGINFO
SIGBUS: [libjvm.so+0x9600f0], sa_mask[0]=11111111011111111101111111111110, sa_flags=SA_RESTART|SA_SIGINFO
SIGFPE: [libjvm.so+0x7c4f20], sa_mask[0]=11111111011111111101111111111110, sa_flags=SA_RESTART|SA_SIGINFO
SIGPIPE: [libjvm.so+0x7c4f20], sa_mask[0]=11111111011111111101111111111110, sa_flags=SA_RESTART|SA_SIGINFO
SIGXFSZ: [libjvm.so+0x7c4f20], sa_mask[0]=11111111011111111101111111111110, sa_flags=SA_RESTART|SA_SIGINFO
SIGILL: [libjvm.so+0x7c4f20], sa_mask[0]=11111111011111111101111111111110, sa_flags=SA_RESTART|SA_SIGINFO
SIGUSR1: SIG_DFL, sa_mask[0]=00000000000000000000000000000000, sa_flags=none
SIGUSR2: [libjvm.so+0x7c4d80], sa_mask[0]=00000000000000000000000000000000, sa_flags=SA_RESTART|SA_SIGINFO
SIGHUP: [libjvm.so+0x7c5250], sa_mask[0]=11111111011111111101111111111110, sa_flags=SA_RESTART|SA_SIGINFO
SIGINT: SIG_IGN, sa_mask[0]=00000000000000000000000000000000, sa_flags=none
SIGTERM: [libjvm.so+0x7c5250], sa_mask[0]=11111111011111111101111111111110, sa_flags=SA_RESTART|SA_SIGINFO
SIGQUIT: [libjvm.so+0x7c5250], sa_mask[0]=11111111011111111101111111111110, sa_flags=SA_RESTART|SA_SIGINFO


---------------  S Y S T E M  ---------------

OS:DISTRIB_ID=Ubuntu
DISTRIB_RELEASE=14.04
DISTRIB_CODENAME=trusty
DISTRIB_DESCRIPTION="Ubuntu 14.04.6 LTS"

uname:Linux 3.13.0-24-generic #47-Ubuntu SMP Fri May 2 23:31:42 UTC 2014 i686
libc:glibc 2.19 NPTL 2.19 
rlimit: STACK 8192k, CORE 0k, NPROC 31507, NOFILE 4096, AS infinity
load average:13,90 10,09 5,91

/proc/meminfo:
MemTotal:        4062112 kB
MemFree:         2261016 kB
Buffers:            1116 kB
Cached:           295796 kB
SwapCached:            0 kB
Active:          1442224 kB
Inactive:         284824 kB
Active(anon):    1432840 kB
Inactive(anon):   231548 kB
Active(file):       9384 kB
Inactive(file):    53276 kB
Unevictable:          32 kB
Mlocked:              32 kB
HighTotal:       3212280 kB
HighFree:        1780300 kB
LowTotal:         849832 kB
LowFree:          480716 kB
SwapTotal:             0 kB
SwapFree:              0 kB
Dirty:               336 kB
Writeback:             0 kB
AnonPages:       1430272 kB
Mapped:            21668 kB
Shmem:            234148 kB
Slab:              37756 kB
SReclaimable:      13276 kB
SUnreclaim:        24480 kB
KernelStack:        4072 kB
PageTables:        10028 kB
NFS_Unstable:          0 kB
Bounce:                0 kB
WritebackTmp:          0 kB
CommitLimit:     2031056 kB
Committed_AS:    4817836 kB
VmallocTotal:     122880 kB
VmallocUsed:       14020 kB
VmallocChunk:     104584 kB
HardwareCorrupted:     0 kB
AnonHugePages:    325632 kB
HugePages_Total:       0
HugePages_Free:        0
HugePages_Rsvd:        0
HugePages_Surp:        0
Hugepagesize:       2048 kB
DirectMap4k:       36856 kB
DirectMap2M:      876544 kB


CPU:total 2 (initial active 2) (2 cores per cpu, 1 threads per core) family 6 model 23 stepping 10, cmov, cx8, fxsr, mmx, sse, sse2, sse3, ssse3, tsc

/proc/cpuinfo:
processor	: 0
vendor_id	: GenuineIntel
cpu family	: 6
model		: 23
model name	: Pentium(R) Dual-Core CPU       T4300  @ 2.10GHz
stepping	: 10
microcode	: 0xa07
cpu MHz		: 2100.000
cache size	: 1024 KB
physical id	: 0
siblings	: 2
core id		: 0
cpu cores	: 2
apicid		: 0
initial apicid	: 0
fdiv_bug	: no
f00f_bug	: no
coma_bug	: no
fpu		: yes
fpu_exception	: yes
cpuid level	: 13
wp		: yes
flags		: fpu vme de pse tsc msr pae mce cx8 apic sep mtrr pge mca cmov pat pse36 clflush dts acpi mmx fxsr sse sse2 ss ht tm pbe nx lm constant_tsc arch_perfmon pebs bts aperfmperf pni dtes64 monitor ds_cpl est tm2 ssse3 cx16 xtpr pdcm xsave lahf_lm dtherm
bogomips	: 4189.47
clflush size	: 64
cache_alignment	: 64
address sizes	: 36 bits physical, 48 bits virtual
power management:

processor	: 1
vendor_id	: GenuineIntel
cpu family	: 6
model		: 23
model name	: Pentium(R) Dual-Core CPU       T4300  @ 2.10GHz
stepping	: 10
microcode	: 0xa07
cpu MHz		: 2100.000
cache size	: 1024 KB
physical id	: 0
siblings	: 2
core id		: 1
cpu cores	: 2
apicid		: 1
initial apicid	: 1
fdiv_bug	: no
f00f_bug	: no
coma_bug	: no
fpu		: yes
fpu_exception	: yes
cpuid level	: 13
wp		: yes
flags		: fpu vme de pse tsc msr pae mce cx8 apic sep mtrr pge mca cmov pat pse36 clflush dts acpi mmx fxsr sse sse2 ss ht tm pbe nx lm constant_tsc arch_perfmon pebs bts aperfmperf pni dtes64 monitor ds_cpl est tm2 ssse3 cx16 xtpr pdcm xsave lahf_lm dtherm
bogomips	: 4189.47
clflush size	: 64
cache_alignment	: 64
address sizes	: 36 bits physical, 48 bits virtual
power management:



Memory: 4k page, physical 4062112k(2261016k free), swap 0k(0k free)

vm_info: OpenJDK Server VM (25.292-b10) for linux-x86 JRE (1.8.0_292-8u292-b10-0ubuntu1~14.04-b10), built on Apr 21 2021 13:41:33 by "buildd" with gcc 9.3.0

time: Sat Jul  3 15:15:32 2021
timezone: BST
elapsed time: 286.690858 seconds (0d 0h 4m 46s)

